<?xml version="1.0" encoding="UTF-8"?>
<!-- Generated by org.testng.reporters.JUnitReportReporter -->
<testsuite hostname="LAPTOP-SNJUKKEM" failures="0" tests="1" name="test.ScoreValidation" time="0.896" errors="0" timestamp="2023-04-16T22:49:41 EDT" skipped="0">
  <testcase classname="test.ScoreValidation" name="test" time="0.896"/>
  <system-out/>
</testsuite> <!-- test.ScoreValidation -->
