<?xml version="1.0" encoding="UTF-8"?>
<!-- Generated by org.testng.reporters.JUnitReportReporter -->
<testsuite hostname="LAPTOP-SNJUKKEM" failures="0" tests="1" name="test.ScoreValidationBase" time="24.065" errors="0" timestamp="2023-04-19T10:35:36 EDT" skipped="0">
  <testcase classname="test.ScoreValidationBase" name="test" time="24.065"/>
  <system-out/>
</testsuite> <!-- test.ScoreValidationBase -->
